<?xml version="1.0" encoding="UTF-8"?>
<testng-results ignored="0" total="2" passed="2" failed="0" skipped="0">
  <reporter-output>
  </reporter-output>
  <suite started-at="2024-07-08T18:04:38 WIB" name="Default suite" finished-at="2024-07-08T18:04:53 WIB" duration-ms="15339">
    <groups>
    </groups>
    <test started-at="2024-07-08T18:04:38 WIB" name="Default test" finished-at="2024-07-08T18:04:53 WIB" duration-ms="15339">
      <class name="SauceDemo.SauceDemoProject.LoginPageTest">
        <test-method is-config="true" signature="setUptest()[pri:0, instance:SauceDemo.SauceDemoProject.LoginPageTest@3e08ff24]" started-at="2024-07-08T18:04:38 WIB" name="setUptest" finished-at="2024-07-08T18:04:46 WIB" duration-ms="8317" status="PASS">
          <reporter-output>
          </reporter-output>
        </test-method> <!-- setUptest -->
        <test-method signature="loginFailed()[pri:0, instance:SauceDemo.SauceDemoProject.LoginPageTest@3e08ff24]" started-at="2024-07-08T18:04:46 WIB" name="loginFailed" finished-at="2024-07-08T18:04:50 WIB" duration-ms="3697" status="PASS">
          <reporter-output>
          </reporter-output>
        </test-method> <!-- loginFailed -->
        <test-method signature="loginSuccess()[pri:0, instance:SauceDemo.SauceDemoProject.LoginPageTest@3e08ff24]" started-at="2024-07-08T18:04:50 WIB" name="loginSuccess" finished-at="2024-07-08T18:04:52 WIB" duration-ms="2522" status="PASS">
          <reporter-output>
          </reporter-output>
        </test-method> <!-- loginSuccess -->
        <test-method is-config="true" signature="teadDownTest()[pri:0, instance:SauceDemo.SauceDemoProject.LoginPageTest@3e08ff24]" started-at="2024-07-08T18:04:52 WIB" name="teadDownTest" finished-at="2024-07-08T18:04:53 WIB" duration-ms="747" status="PASS">
          <reporter-output>
          </reporter-output>
        </test-method> <!-- teadDownTest -->
      </class> <!-- SauceDemo.SauceDemoProject.LoginPageTest -->
    </test> <!-- Default test -->
  </suite> <!-- Default suite -->
</testng-results>
